{"C:\\Users\\Lenovo\\Desktop\\Sexto\\Pruebas de Software\\En clase\\LAB_2\\LAB_2\\src\\app.js": {"path":"C:\\Users\\Lenovo\\Desktop\\Sexto\\Pruebas de Software\\En clase\\LAB_2\\LAB_2\\src\\app.js","statementMap":{"0":{"start":{"line":2,"column":16},"end":{"line":2,"column":34}},"1":{"start":{"line":3,"column":19},"end":{"line":3,"column":50}},"2":{"start":{"line":5,"column":12},"end":{"line":5,"column":21}},"3":{"start":{"line":7,"column":0},"end":{"line":7,"column":24}},"4":{"start":{"line":10,"column":0},"end":{"line":10,"column":34}},"5":{"start":{"line":13,"column":0},"end":{"line":13,"column":79}},"6":{"start":{"line":13,"column":23},"end":{"line":13,"column":76}},"7":{"start":{"line":15,"column":0},"end":{"line":15,"column":21}}},"fnMap":{"0":{"name":"(anonymous_0)","decl":{"start":{"line":13,"column":8},"end":{"line":13,"column":9}},"loc":{"start":{"line":13,"column":22},"end":{"line":13,"column":77}},"line":13}},"branchMap":{},"s":{"0":1,"1":1,"2":1,"3":1,"4":1,"5":1,"6":0,"7":1},"f":{"0":0},"b":{},"_coverageSchema":"1a1c01bbd47fc00a2c39e90264f33305004495a9","hash":"65c46b5dc0aa4a4faf59811d46c6ac2ce3f4291b"}
,"C:\\Users\\Lenovo\\Desktop\\Sexto\\Pruebas de Software\\En clase\\LAB_2\\LAB_2\\src\\controllers\\user.controller.js": {"path":"C:\\Users\\Lenovo\\Desktop\\Sexto\\Pruebas de Software\\En clase\\LAB_2\\LAB_2\\src\\controllers\\user.controller.js","statementMap":{"0":{"start":{"line":3,"column":12},"end":{"line":3,"column":14}},"1":{"start":{"line":7,"column":2},"end":{"line":7,"column":18}},"2":{"start":{"line":12,"column":26},"end":{"line":12,"column":34}},"3":{"start":{"line":15,"column":2},"end":{"line":17,"column":3}},"4":{"start":{"line":16,"column":4},"end":{"line":16,"column":76}},"5":{"start":{"line":19,"column":18},"end":{"line":23,"column":3}},"6":{"start":{"line":25,"column":2},"end":{"line":25,"column":22}},"7":{"start":{"line":26,"column":2},"end":{"line":26,"column":39}},"8":{"start":{"line":31,"column":2},"end":{"line":31,"column":13}},"9":{"start":{"line":34,"column":0},"end":{"line":34,"column":56}}},"fnMap":{"0":{"name":"getAllUsers","decl":{"start":{"line":6,"column":9},"end":{"line":6,"column":20}},"loc":{"start":{"line":6,"column":31},"end":{"line":8,"column":1}},"line":6},"1":{"name":"createUser","decl":{"start":{"line":11,"column":9},"end":{"line":11,"column":19}},"loc":{"start":{"line":11,"column":30},"end":{"line":27,"column":1}},"line":11},"2":{"name":"resetUsers","decl":{"start":{"line":30,"column":9},"end":{"line":30,"column":19}},"loc":{"start":{"line":30,"column":22},"end":{"line":32,"column":1}},"line":30}},"branchMap":{"0":{"loc":{"start":{"line":15,"column":2},"end":{"line":17,"column":3}},"type":"if","locations":[{"start":{"line":15,"column":2},"end":{"line":17,"column":3}},{"start":{},"end":{}}],"line":15},"1":{"loc":{"start":{"line":15,"column":6},"end":{"line":15,"column":21}},"type":"binary-expr","locations":[{"start":{"line":15,"column":6},"end":{"line":15,"column":11}},{"start":{"line":15,"column":15},"end":{"line":15,"column":21}}],"line":15}},"s":{"0":1,"1":2,"2":4,"3":4,"4":1,"5":3,"6":3,"7":3,"8":4,"9":1},"f":{"0":2,"1":4,"2":4},"b":{"0":[1,3],"1":[4,3]},"_coverageSchema":"1a1c01bbd47fc00a2c39e90264f33305004495a9","hash":"b0b32cd7638d3b0a588756faa25ebe717aec979a"}
,"C:\\Users\\Lenovo\\Desktop\\Sexto\\Pruebas de Software\\En clase\\LAB_2\\LAB_2\\src\\routes\\user.routes.js": {"path":"C:\\Users\\Lenovo\\Desktop\\Sexto\\Pruebas de Software\\En clase\\LAB_2\\LAB_2\\src\\routes\\user.routes.js","statementMap":{"0":{"start":{"line":2,"column":16},"end":{"line":2,"column":34}},"1":{"start":{"line":4,"column":4},"end":{"line":4,"column":45}},"2":{"start":{"line":6,"column":15},"end":{"line":6,"column":31}},"3":{"start":{"line":9,"column":0},"end":{"line":9,"column":29}},"4":{"start":{"line":12,"column":0},"end":{"line":12,"column":29}},"5":{"start":{"line":14,"column":0},"end":{"line":14,"column":24}}},"fnMap":{},"branchMap":{},"s":{"0":1,"1":1,"2":1,"3":1,"4":1,"5":1},"f":{},"b":{},"_coverageSchema":"1a1c01bbd47fc00a2c39e90264f33305004495a9","hash":"16eef35b25f15ca71907ff7f3f5166c1e96ae79c"}
}
