TN:
SF:src\app.js
FN:13,(anonymous_0)
FNF:1
FNH:0
FNDA:0,(anonymous_0)
DA:2,1
DA:3,1
DA:5,1
DA:7,1
DA:10,1
DA:13,1
DA:15,1
LF:7
LH:7
BRF:0
BRH:0
end_of_record
TN:
SF:src\controllers\user.controller.js
FN:6,getAllUsers
FN:11,createUser
FN:30,resetUsers
FNF:3
FNH:3
FNDA:2,getAllUsers
FNDA:4,createUser
FNDA:4,resetUsers
DA:3,1
DA:7,2
DA:12,4
DA:15,4
DA:16,1
DA:19,3
DA:25,3
DA:26,3
DA:31,4
DA:34,1
LF:10
LH:10
BRDA:15,0,0,1
BRDA:15,0,1,3
BRDA:15,1,0,4
BRDA:15,1,1,3
BRF:4
BRH:4
end_of_record
TN:
SF:src\routes\user.routes.js
FNF:0
FNH:0
DA:2,1
DA:4,1
DA:6,1
DA:9,1
DA:12,1
DA:14,1
LF:6
LH:6
BRF:0
BRH:0
end_of_record
